Using pre-set license
Built from '2020.3/staging' branch; Version is '2020.3.20f1 (41c4e627c95f) revision 4310246'; Using compiler version '192528614'; Build Type 'Release'
OS: 'Windows 10 Home; OS build 19043.1889; Version 2009; 64bit' Language: 'ko' Physical Memory: 8079 MB
BatchMode: 1, IsHumanControllingUs: 0, StartBugReporterOnCrash: 0, Is64bit: 1, IsPro: 0

COMMAND LINE ARGUMENTS:
E:\2020.3.20f1\Editor\Unity.exe
-adb2
-batchMode
-noUpm
-name
AssetImportWorker0
-projectPath
E:/2020.3.20f1/Don'tAFK/Don-tAFK/Don'tAFK
-logFile
Logs/AssetImportWorker0.log
-srvPort
51013
Successfully changed project path to: E:/2020.3.20f1/Don'tAFK/Don-tAFK/Don'tAFK
E:/2020.3.20f1/Don'tAFK/Don-tAFK/Don'tAFK
Using Asset Import Pipeline V2.
Refreshing native plugins compatible for Editor in 55.27 ms, found 2 plugins.
Preloading 0 native plugins for Editor in 0.00 ms.
Initialize engine version: 2020.3.20f1 (41c4e627c95f)
[Subsystems] Discovering subsystems at path E:/2020.3.20f1/Editor/Data/Resources/UnitySubsystems
[Subsystems] Discovering subsystems at path E:/2020.3.20f1/Don'tAFK/Don-tAFK/Don'tAFK/Assets
GfxDevice: creating device client; threaded=0
Direct3D:
    Version:  Direct3D 11.0 [level 11.0]
    Renderer: NVIDIA GeForce GT 650M (ID=0xfd1)
    Vendor:   
    VRAM:     2007 MB
    Driver:   25.21.14.2531
Initialize mono
Mono path[0] = 'E:/2020.3.20f1/Editor/Data/Managed'
Mono path[1] = 'E:/2020.3.20f1/Editor/Data/MonoBleedingEdge/lib/mono/unityjit'
Mono config path = 'E:/2020.3.20f1/Editor/Data/MonoBleedingEdge/etc'
Using monoOptions --debugger-agent=transport=dt_socket,embedding=1,server=y,suspend=n,address=127.0.0.1:56048
Begin MonoManager ReloadAssembly
Registering precompiled unity dll's ...
Register platform support module: E:/2020.3.20f1/Editor/Data/PlaybackEngines/WebGLSupport/UnityEditor.WebGL.Extensions.dll
Register platform support module: E:/2020.3.20f1/Editor/Data/PlaybackEngines/WindowsStandaloneSupport/UnityEditor.WindowsStandalone.Extensions.dll
Registered in 0.002220 seconds.
Native extension for WindowsStandalone target not found
Native extension for WebGL target not found
Refreshing native plugins compatible for Editor in 46.25 ms, found 2 plugins.
Preloading 0 native plugins for Editor in 0.00 ms.
Mono: successfully reloaded assembly
- Completed reload, in  3.172 seconds
Domain Reload Profiling:
	ReloadAssembly (3173ms)
		BeginReloadAssembly (84ms)
			ExecutionOrderSort (0ms)
			DisableScriptedObjects (0ms)
			BackupInstance (0ms)
			ReleaseScriptingObjects (0ms)
			CreateAndSetChildDomain (1ms)
		EndReloadAssembly (600ms)
			LoadAssemblies (83ms)
			RebuildTransferFunctionScriptingTraits (0ms)
			SetupTypeCache (219ms)
			ReleaseScriptCaches (0ms)
			RebuildScriptCaches (47ms)
			SetupLoadedEditorAssemblies (235ms)
				LogAssemblyErrors (0ms)
				InitializePlatformSupportModulesInManaged (7ms)
				SetLoadedEditorAssemblies (0ms)
				RefreshPlugins (46ms)
				BeforeProcessingInitializeOnLoad (27ms)
				ProcessInitializeOnLoadAttributes (113ms)
				ProcessInitializeOnLoadMethodAttributes (42ms)
				AfterProcessingInitializeOnLoad (0ms)
				EditorAssembliesLoaded (0ms)
			ExecutionOrderSort2 (0ms)
			AwakeInstancesAfterBackupRestoration (0ms)
Platform modules already initialized, skipping
Registering precompiled user dll's ...
Registered in 0.003878 seconds.
Begin MonoManager ReloadAssembly
Native extension for WindowsStandalone target not found
Native extension for WebGL target not found
Refreshing native plugins compatible for Editor in 0.47 ms, found 2 plugins.
Preloading 0 native plugins for Editor in 0.00 ms.
Mono: successfully reloaded assembly
- Completed reload, in  1.431 seconds
Domain Reload Profiling:
	ReloadAssembly (1432ms)
		BeginReloadAssembly (214ms)
			ExecutionOrderSort (0ms)
			DisableScriptedObjects (7ms)
			BackupInstance (0ms)
			ReleaseScriptingObjects (0ms)
			CreateAndSetChildDomain (24ms)
		EndReloadAssembly (1139ms)
			LoadAssemblies (128ms)
			RebuildTransferFunctionScriptingTraits (0ms)
			SetupTypeCache (392ms)
			ReleaseScriptCaches (0ms)
			RebuildScriptCaches (70ms)
			SetupLoadedEditorAssemblies (418ms)
				LogAssemblyErrors (0ms)
				InitializePlatformSupportModulesInManaged (8ms)
				SetLoadedEditorAssemblies (1ms)
				RefreshPlugins (1ms)
				BeforeProcessingInitializeOnLoad (107ms)
				ProcessInitializeOnLoadAttributes (293ms)
				ProcessInitializeOnLoadMethodAttributes (5ms)
				AfterProcessingInitializeOnLoad (4ms)
				EditorAssembliesLoaded (0ms)
			ExecutionOrderSort2 (0ms)
			AwakeInstancesAfterBackupRestoration (9ms)
Platform modules already initialized, skipping
========================================================================
Worker process is ready to serve import requests
Launched and connected shader compiler UnityShaderCompiler.exe after 0.06 seconds
Refreshing native plugins compatible for Editor in 0.38 ms, found 2 plugins.
Preloading 0 native plugins for Editor in 0.00 ms.
Unloading 1399 Unused Serialized files (Serialized files now loaded: 0)
System memory in use before: 67.5 MB.
System memory in use after: 67.5 MB.

Unloading 16 unused Assets to reduce memory usage. Loaded Objects now: 1834.
Total: 3.506900 ms (FindLiveObjects: 0.164400 ms CreateObjectMapping: 0.065100 ms MarkObjects: 3.192600 ms  DeleteObjects: 0.082900 ms)

AssetImportParameters requested are different than current active one (requested -> active):
  custom:framework-win-MediaFoundation: 216162199b28c13a410421893ffa2e32 -> 
  custom:video-decoder-ogg-theora: a1e56fd34408186e4bbccfd4996cb3dc -> 
  custom:container-muxer-webm: aa71ff27fc2769a1b78a27578f13a17b -> 
  custom:container-demuxer-webm: 4f35f7cbe854078d1ac9338744f61a02 -> 
  custom:container-demuxer-ogg: 62fdf1f143b41e24485cea50d1cbac27 -> 
  custom:video-encoder-webm-vp8: eb34c28f22e8b96e1ab97ce403110664 -> 
  custom:video-decoder-webm-vp8: 9c59270c3fd7afecdb556c50c9e8de78 -> 
  custom:audio-decoder-ogg-vorbis: bf7c407c2cedff20999df2af8eb42d56 -> 
  custom:audio-encoder-webm-vorbis: bf7c407c2cedff20999df2af8eb42d56 -> 
========================================================================
Received Import Request.
  path: Assets/Scripts
  artifactKey: Guid(bb1e943291a924a4badc7f9f0fc8f86c) Importer(815301076,1909f56bfc062723c751e8b465ee728b)
Start importing Assets/Scripts using Guid(bb1e943291a924a4badc7f9f0fc8f86c) Importer(815301076,1909f56bfc062723c751e8b465ee728b)  -> (artifact id: 'bed6a1b8815a7ff0b1f0f9ae469b74e8') in 0.031421 seconds 
  Import took 0.043322 seconds .

========================================================================
Received Import Request.
  Time since last request: 0.128648 seconds.
  path: Assets
  artifactKey: Guid(00000000000000001000000000000000) Importer(815301076,1909f56bfc062723c751e8b465ee728b)
Start importing Assets using Guid(00000000000000001000000000000000) Importer(815301076,1909f56bfc062723c751e8b465ee728b)  -> (artifact id: '42d402b061de3733987d63b9cc3b64de') in 0.007849 seconds 
  Import took 0.011115 seconds .

========================================================================
Received Import Request.
  Time since last request: 6.237241 seconds.
  path: Assets/Resources
  artifactKey: Guid(c23a7dec7164886429dd3c267b01a4e7) Importer(815301076,1909f56bfc062723c751e8b465ee728b)
Start importing Assets/Resources using Guid(c23a7dec7164886429dd3c267b01a4e7) Importer(815301076,1909f56bfc062723c751e8b465ee728b)  -> (artifact id: '2135c226545b362907792b42dc822399') in 0.009313 seconds 
  Import took 0.025969 seconds .

========================================================================
Received Import Request.
  Time since last request: 26.242456 seconds.
  path: Assets/Sprites
  artifactKey: Guid(fdf25f76973c1d749974ddfb2c5abf1f) Importer(815301076,1909f56bfc062723c751e8b465ee728b)
Start importing Assets/Sprites using Guid(fdf25f76973c1d749974ddfb2c5abf1f) Importer(815301076,1909f56bfc062723c751e8b465ee728b)  -> (artifact id: '332a5786aa65c1e66e121bc103ba95ff') in 0.007887 seconds 
  Import took 0.026176 seconds .

========================================================================
Received Import Request.
  Time since last request: 6.800697 seconds.
  path: Assets/Animatio
  artifactKey: Guid(f769f19bbcdfebc448133b617f97b006) Importer(815301076,1909f56bfc062723c751e8b465ee728b)
Start importing Assets/Animatio using Guid(f769f19bbcdfebc448133b617f97b006) Importer(815301076,1909f56bfc062723c751e8b465ee728b)  -> (artifact id: 'c09eac6d019bee575dd74c01d85aa24d') in 0.010277 seconds 
  Import took 0.016159 seconds .

========================================================================
Received Import Request.
  Time since last request: 4.198518 seconds.
  path: Assets/Animations
  artifactKey: Guid(f769f19bbcdfebc448133b617f97b006) Importer(815301076,1909f56bfc062723c751e8b465ee728b)
Start importing Assets/Animations using Guid(f769f19bbcdfebc448133b617f97b006) Importer(815301076,1909f56bfc062723c751e8b465ee728b)  -> (artifact id: 'f37ee46087315e4110e32675d306daab') in 0.009046 seconds 
  Import took 0.012644 seconds .

========================================================================
Received Import Request.
  Time since last request: 4.749772 seconds.
  path: Assets/Scenes
  artifactKey: Guid(e5ddb4e8574d5e24e8058f1f87c56a7c) Importer(815301076,1909f56bfc062723c751e8b465ee728b)
Start importing Assets/Scenes using Guid(e5ddb4e8574d5e24e8058f1f87c56a7c) Importer(815301076,1909f56bfc062723c751e8b465ee728b)  -> (artifact id: 'ebb715ec117e4313d83e848a8fcdc4a8') in 0.008298 seconds 
  Import took 0.011646 seconds .

========================================================================
Received Import Request.
  Time since last request: 0.636741 seconds.
  path: Assets/Scenes/SampleScene.unity
  artifactKey: Guid(9fc0d4010bbf28b4594072e72b8655ab) Importer(815301076,1909f56bfc062723c751e8b465ee728b)
Start importing Assets/Scenes/SampleScene.unity using Guid(9fc0d4010bbf28b4594072e72b8655ab) Importer(815301076,1909f56bfc062723c751e8b465ee728b)  -> (artifact id: '85059f4f9e1a832ed95adaa0d25c5c4c') in 0.020712 seconds 
  Import took 0.024153 seconds .

========================================================================
Received Import Request.
  Time since last request: 9.659049 seconds.
  path: Assets/Scenes/StageScene.unity
  artifactKey: Guid(9fc0d4010bbf28b4594072e72b8655ab) Importer(815301076,1909f56bfc062723c751e8b465ee728b)
Start importing Assets/Scenes/StageScene.unity using Guid(9fc0d4010bbf28b4594072e72b8655ab) Importer(815301076,1909f56bfc062723c751e8b465ee728b)  -> (artifact id: '1e647c6c332905a476202eee4d11d193') in 0.013748 seconds 
  Import took 0.017659 seconds .

========================================================================
Received Import Request.
  Time since last request: 53.813697 seconds.
  path: Assets/Sounds
  artifactKey: Guid(a803fc1f65d18da4ba2a781252cc0ba8) Importer(815301076,1909f56bfc062723c751e8b465ee728b)
Start importing Assets/Sounds using Guid(a803fc1f65d18da4ba2a781252cc0ba8) Importer(815301076,1909f56bfc062723c751e8b465ee728b)  -> (artifact id: '5d2567a13490af0ce8d73c563b7157b5') in 0.012591 seconds 
  Import took 0.016382 seconds .

========================================================================
Received Import Request.
  Time since last request: 55.797093 seconds.
  path: Assets/Prefabs
  artifactKey: Guid(db700c1b365274940ab4c69cbaca6d9c) Importer(815301076,1909f56bfc062723c751e8b465ee728b)
Start importing Assets/Prefabs using Guid(db700c1b365274940ab4c69cbaca6d9c) Importer(815301076,1909f56bfc062723c751e8b465ee728b)  -> (artifact id: '54c34a5c51a0f2884c8c4dc910671681') in 0.007956 seconds 
  Import took 0.011306 seconds .

AssetImportWorkerClient::OnTransportError - code=2 error=End of file
